<?xml version="1.0" encoding="UTF-8"?>
<testng-results skipped="0" failed="0" total="1" passed="1">
  <reporter-output>
  </reporter-output>
  <suite name="Default suite" duration-ms="5329" started-at="2021-02-10T11:12:36Z" finished-at="2021-02-10T11:12:41Z">
    <groups>
    </groups>
    <test name="Default test" duration-ms="5329" started-at="2021-02-10T11:12:36Z" finished-at="2021-02-10T11:12:41Z">
      <class name="SpacexTest">
        <test-method status="PASS" signature="verifySpaceXResponse()[pri:0, instance:SpacexTest@7d417077]" name="verifySpaceXResponse" duration-ms="5302" started-at="2021-02-10T16:42:36Z" finished-at="2021-02-10T16:42:41Z">
          <reporter-output>
          </reporter-output>
        </test-method> <!-- verifySpaceXResponse -->
      </class> <!-- SpacexTest -->
    </test> <!-- Default test -->
  </suite> <!-- Default suite -->
</testng-results>
